#
# There is insufficient memory for the Java Runtime Environment to continue.
# Native memory allocation (malloc) failed to allocate 33616 bytes for Chunk::new
# Possible reasons:
#   The system is out of physical RAM or swap space
#   The process is running with CompressedOops enabled, and the Java Heap may be blocking the growth of the native heap
# Possible solutions:
#   Reduce memory load on the system
#   Increase physical memory or swap space
#   Check if swap backing store is full
#   Decrease Java heap size (-Xmx/-Xms)
#   Decrease number of Java threads
#   Decrease Java thread stack sizes (-Xss)
#   Set larger code cache with -XX:ReservedCodeCacheSize=
#   JVM is running with Unscaled Compressed Oops mode in which the Java heap is
#     placed in the first 4GB address space. The Java Heap base address is the
#     maximum limit for the native heap growth. Please use -XX:HeapBaseMinAddress
#     to set the Java Heap base and to place the Java Heap above 4GB virtual address.
# This output file may be truncated or incomplete.
#
#  Out of Memory Error (arena.cpp:184), pid=9316, tid=9028
#
# JRE version: Java(TM) SE Runtime Environment (19.0.2+7) (build 19.0.2+7-44)
# Java VM: Java HotSpot(TM) 64-Bit Server VM (19.0.2+7-44, mixed mode, sharing, tiered, compressed oops, compressed class ptrs, g1 gc, windows-amd64)
# No core dump will be written. Minidumps are not enabled by default on client versions of Windows
#

---------------  S U M M A R Y ------------

Command Line: -javaagent:C:\Users\Жанарбай\AppData\Local\JetBrains\IntelliJ IDEA Community Edition 2022.3.2\lib\idea_rt.jar=53075:C:\Users\Жанарбай\AppData\Local\JetBrains\IntelliJ IDEA Community Edition 2022.3.2\bin -Dfile.encoding=UTF-8 -Dsun.stdout.encoding=UTF-8 -Dsun.stderr.encoding=UTF-8 com.example.instazoo.InstazooApplication

Host: 11th Gen Intel(R) Core(TM) i7-1165G7 @ 2.80GHz, 8 cores, 7G,  Windows 10 , 64 bit Build 19041 (10.0.19041.1202)
Time: Mon May  1 19:41:05 2023  Windows 10 , 64 bit Build 19041 (10.0.19041.1202) elapsed time: 0.179109 seconds (0d 0h 0m 0s)

---------------  T H R E A D  ---------------

Current thread (0x0000022bf03a8bf0):  JavaThread "C2 CompilerThread0" daemon [_thread_in_native, id=9028, stack(0x0000009a42200000,0x0000009a42300000)]


Current CompileTask:
C2:    179  552       4       java.lang.StringLatin1::indexOf (121 bytes)

Stack: [0x0000009a42200000,0x0000009a42300000]
Native frames: (J=compiled Java code, j=interpreted, Vv=VM code, C=native code)
V  [jvm.dll+0x6ee21a]
V  [jvm.dll+0x85765e]
V  [jvm.dll+0x85904e]
V  [jvm.dll+0x859703]
V  [jvm.dll+0x28298f]
V  [jvm.dll+0xc9adf]
V  [jvm.dll+0xc9e65]
V  [jvm.dll+0x3bca12]
V  [jvm.dll+0x1edf25]
V  [jvm.dll+0x24c52b]
V  [jvm.dll+0x24b781]
V  [jvm.dll+0x1d6ce1]
V  [jvm.dll+0x25b25a]
V  [jvm.dll+0x2596e8]
V  [jvm.dll+0x807588]
V  [jvm.dll+0x80125a]
V  [jvm.dll+0x6ecf0b]
C  [ucrtbase.dll+0x21bb2]
C  [KERNEL32.DLL+0x17034]
C  [ntdll.dll+0x52651]


---------------  P R O C E S S  ---------------

Threads class SMR info:
_java_thread_list=0x0000022bf46ac8b0, length=14, elements={
0x0000022bcfdf7680, 0x0000022bf039bbc0, 0x0000022bf039c8a0, 0x0000022bf039e9a0,
0x0000022bf039f3c0, 0x0000022bf039fde0, 0x0000022bf03a49a0, 0x0000022bf03a8bf0,
0x0000022bf03a9650, 0x0000022bf03b7810, 0x0000022bf45b1280, 0x0000022bf4652320,
0x0000022bf47b0280, 0x0000022bf47b07c0
}

Java Threads: ( => current thread )
  0x0000022bcfdf7680 JavaThread "main" [_thread_in_Java, id=748, stack(0x0000009a41500000,0x0000009a41600000)]
  0x0000022bf039bbc0 JavaThread "Reference Handler" daemon [_thread_blocked, id=9416, stack(0x0000009a41c00000,0x0000009a41d00000)]
  0x0000022bf039c8a0 JavaThread "Finalizer" daemon [_thread_blocked, id=3052, stack(0x0000009a41d00000,0x0000009a41e00000)]
  0x0000022bf039e9a0 JavaThread "Signal Dispatcher" daemon [_thread_blocked, id=7280, stack(0x0000009a41e00000,0x0000009a41f00000)]
  0x0000022bf039f3c0 JavaThread "Attach Listener" daemon [_thread_blocked, id=10728, stack(0x0000009a41f00000,0x0000009a42000000)]
  0x0000022bf039fde0 JavaThread "Service Thread" daemon [_thread_blocked, id=1572, stack(0x0000009a42000000,0x0000009a42100000)]
  0x0000022bf03a49a0 JavaThread "Monitor Deflation Thread" daemon [_thread_blocked, id=11948, stack(0x0000009a42100000,0x0000009a42200000)]
=>0x0000022bf03a8bf0 JavaThread "C2 CompilerThread0" daemon [_thread_in_native, id=9028, stack(0x0000009a42200000,0x0000009a42300000)]
  0x0000022bf03a9650 JavaThread "C1 CompilerThread0" daemon [_thread_in_native, id=1592, stack(0x0000009a42300000,0x0000009a42400000)]
  0x0000022bf03b7810 JavaThread "Sweeper thread" daemon [_thread_blocked, id=668, stack(0x0000009a42400000,0x0000009a42500000)]
  0x0000022bf45b1280 JavaThread "Common-Cleaner" daemon [_thread_blocked, id=7836, stack(0x0000009a42500000,0x0000009a42600000)]
  0x0000022bf4652320 JavaThread "C2 CompilerThread1" daemon [_thread_blocked, id=11572, stack(0x0000009a42600000,0x0000009a42700000)]
  0x0000022bf47b0280 JavaThread "Monitor Ctrl-Break" daemon [_thread_in_native, id=10648, stack(0x0000009a42700000,0x0000009a42800000)]
  0x0000022bf47b07c0 JavaThread "Notification Thread" daemon [_thread_blocked, id=6444, stack(0x0000009a42800000,0x0000009a42900000)]

Other Threads:
  0x0000022bf03781e0 VMThread "VM Thread" [stack: 0x0000009a41b00000,0x0000009a41c00000] [id=9204]
  0x0000022bf4c05d00 WatcherThread "VM Periodic Task Thread" [stack: 0x0000009a42900000,0x0000009a42a00000] [id=6860]
  0x0000022bcfe57020 WorkerThread "GC Thread#0" [stack: 0x0000009a41600000,0x0000009a41700000] [id=6388]
  0x0000022bcfe677a0 ConcurrentGCThread "G1 Main Marker" [stack: 0x0000009a41700000,0x0000009a41800000] [id=10640]
  0x0000022bcfe6a990 WorkerThread "G1 Conc#0" [stack: 0x0000009a41800000,0x0000009a41900000] [id=11900]
  0x0000022bcfebe740 ConcurrentGCThread "G1 Refine#0" [stack: 0x0000009a41900000,0x0000009a41a00000] [id=9512]
  0x0000022bf022f480 ConcurrentGCThread "G1 Service" [stack: 0x0000009a41a00000,0x0000009a41b00000] [id=8088]

Threads with active compile tasks:
C2 CompilerThread0      186  552       4       java.lang.StringLatin1::indexOf (121 bytes)
C1 CompilerThread0      186  630       3       sun.util.locale.BaseLocale$Key::hashCode (178 bytes)

VM state: not at safepoint (normal execution)

VM Mutex/Monitor currently owned by a thread:  ([mutex/lock_event])
[0x0000022bcfdf3230] MethodCompileQueue_lock - owner thread: 0x0000022bf03a9650
[0x0000022bcfdf4940] CodeCache_lock - owner thread: 0x0000022bf03a9650
[0x0000022bcfdf3fb0] Compile_lock - owner thread: 0x0000022bf03a9650

Heap address: 0x0000000084c00000, size: 1972 MB, Compressed Oops mode: 32-bit

CDS archive(s) mapped at: [0x0000000800000000-0x0000000800c40000-0x0000000800c40000), size 12845056, SharedBaseAddress: 0x0000000800000000, ArchiveRelocationMode: 0.
Compressed class space mapped at: 0x0000000801000000-0x0000000841000000, reserved size: 1073741824
Narrow klass base: 0x0000000800000000, Narrow klass shift: 0, Narrow klass range: 0x100000000

GC Precious Log:
 CardTable entry size: 512
 Card Set container configuration: InlinePtr #cards 5 size 8 Array Of Cards #cards 12 size 40 Howl #buckets 4 coarsen threshold 1843 Howl Bitmap #cards 512 size 80 coarsen threshold 460 Card regions per heap region 1 cards per card region 2048
 CPUs: 8 total, 8 available
 Memory: 7883M
 Large Page Support: Disabled
 NUMA Support: Disabled
 Compressed Oops: Enabled (32-bit)
 Heap Region Size: 1M
 Heap Min Capacity: 8M
 Heap Initial Capacity: 124M
 Heap Max Capacity: 1972M
 Pre-touch: Disabled
 Parallel Workers: 8
 Concurrent Workers: 2
 Concurrent Refinement Workers: 8
 Periodic GC: Disabled

Heap:
 garbage-first heap   total 126976K, used 10240K [0x0000000084c00000, 0x0000000100000000)
  region size 1024K, 10 young (10240K), 0 survivors (0K)
 Metaspace       used 2206K, committed 2368K, reserved 1114112K
  class space    used 188K, committed 256K, reserved 1048576K

Heap Regions: E=young(eden), S=young(survivor), O=old, HS=humongous(starts), HC=humongous(continues), CS=collection set, F=free, OA=open archive, CA=closed archive, TAMS=top-at-mark-start (previous, next)
|   0|0x0000000084c00000, 0x0000000084d00000, 0x0000000084d00000|100%|HS|  |TAMS 0x0000000084c00000, 0x0000000084c00000| Complete 
|   1|0x0000000084d00000, 0x0000000084d00000, 0x0000000084e00000|  0%| F|  |TAMS 0x0000000084d00000, 0x0000000084d00000| Untracked 
|   2|0x0000000084e00000, 0x0000000084e00000, 0x0000000084f00000|  0%| F|  |TAMS 0x0000000084e00000, 0x0000000084e00000| Untracked 
|   3|0x0000000084f00000, 0x0000000084f00000, 0x0000000085000000|  0%| F|  |TAMS 0x0000000084f00000, 0x0000000084f00000| Untracked 
|   4|0x0000000085000000, 0x0000000085000000, 0x0000000085100000|  0%| F|  |TAMS 0x0000000085000000, 0x0000000085000000| Untracked 
|   5|0x0000000085100000, 0x0000000085100000, 0x0000000085200000|  0%| F|  |TAMS 0x0000000085100000, 0x0000000085100000| Untracked 
|   6|0x0000000085200000, 0x0000000085200000, 0x0000000085300000|  0%| F|  |TAMS 0x0000000085200000, 0x0000000085200000| Untracked 
|   7|0x0000000085300000, 0x0000000085300000, 0x0000000085400000|  0%| F|  |TAMS 0x0000000085300000, 0x0000000085300000| Untracked 
|   8|0x0000000085400000, 0x0000000085400000, 0x0000000085500000|  0%| F|  |TAMS 0x0000000085400000, 0x0000000085400000| Untracked 
|   9|0x0000000085500000, 0x0000000085500000, 0x0000000085600000|  0%| F|  |TAMS 0x0000000085500000, 0x0000000085500000| Untracked 
|  10|0x0000000085600000, 0x0000000085600000, 0x0000000085700000|  0%| F|  |TAMS 0x0000000085600000, 0x0000000085600000| Untracked 
|  11|0x0000000085700000, 0x0000000085700000, 0x0000000085800000|  0%| F|  |TAMS 0x0000000085700000, 0x0000000085700000| Untracked 
|  12|0x0000000085800000, 0x0000000085800000, 0x0000000085900000|  0%| F|  |TAMS 0x0000000085800000, 0x0000000085800000| Untracked 
|  13|0x0000000085900000, 0x0000000085900000, 0x0000000085a00000|  0%| F|  |TAMS 0x0000000085900000, 0x0000000085900000| Untracked 
|  14|0x0000000085a00000, 0x0000000085a00000, 0x0000000085b00000|  0%| F|  |TAMS 0x0000000085a00000, 0x0000000085a00000| Untracked 
|  15|0x0000000085b00000, 0x0000000085b00000, 0x0000000085c00000|  0%| F|  |TAMS 0x0000000085b00000, 0x0000000085b00000| Untracked 
|  16|0x0000000085c00000, 0x0000000085c00000, 0x0000000085d00000|  0%| F|  |TAMS 0x0000000085c00000, 0x0000000085c00000| Untracked 
|  17|0x0000000085d00000, 0x0000000085d00000, 0x0000000085e00000|  0%| F|  |TAMS 0x0000000085d00000, 0x0000000085d00000| Untracked 
|  18|0x0000000085e00000, 0x0000000085e00000, 0x0000000085f00000|  0%| F|  |TAMS 0x0000000085e00000, 0x0000000085e00000| Untracked 
|  19|0x0000000085f00000, 0x0000000085f00000, 0x0000000086000000|  0%| F|  |TAMS 0x0000000085f00000, 0x0000000085f00000| Untracked 
|  20|0x0000000086000000, 0x0000000086000000, 0x0000000086100000|  0%| F|  |TAMS 0x0000000086000000, 0x0000000086000000| Untracked 
|  21|0x0000000086100000, 0x0000000086100000, 0x0000000086200000|  0%| F|  |TAMS 0x0000000086100000, 0x0000000086100000| Untracked 
|  22|0x0000000086200000, 0x0000000086200000, 0x0000000086300000|  0%| F|  |TAMS 0x0000000086200000, 0x0000000086200000| Untracked 
|  23|0x0000000086300000, 0x0000000086300000, 0x0000000086400000|  0%| F|  |TAMS 0x0000000086300000, 0x0000000086300000| Untracked 
|  24|0x0000000086400000, 0x0000000086400000, 0x0000000086500000|  0%| F|  |TAMS 0x0000000086400000, 0x0000000086400000| Untracked 
|  25|0x0000000086500000, 0x0000000086500000, 0x0000000086600000|  0%| F|  |TAMS 0x0000000086500000, 0x0000000086500000| Untracked 
|  26|0x0000000086600000, 0x0000000086600000, 0x0000000086700000|  0%| F|  |TAMS 0x0000000086600000, 0x0000000086600000| Untracked 
|  27|0x0000000086700000, 0x0000000086700000, 0x0000000086800000|  0%| F|  |TAMS 0x0000000086700000, 0x0000000086700000| Untracked 
|  28|0x0000000086800000, 0x0000000086800000, 0x0000000086900000|  0%| F|  |TAMS 0x0000000086800000, 0x0000000086800000| Untracked 
|  29|0x0000000086900000, 0x0000000086900000, 0x0000000086a00000|  0%| F|  |TAMS 0x0000000086900000, 0x0000000086900000| Untracked 
|  30|0x0000000086a00000, 0x0000000086a00000, 0x0000000086b00000|  0%| F|  |TAMS 0x0000000086a00000, 0x0000000086a00000| Untracked 
|  31|0x0000000086b00000, 0x0000000086b00000, 0x0000000086c00000|  0%| F|  |TAMS 0x0000000086b00000, 0x0000000086b00000| Untracked 
|  32|0x0000000086c00000, 0x0000000086c00000, 0x0000000086d00000|  0%| F|  |TAMS 0x0000000086c00000, 0x0000000086c00000| Untracked 
|  33|0x0000000086d00000, 0x0000000086d00000, 0x0000000086e00000|  0%| F|  |TAMS 0x0000000086d00000, 0x0000000086d00000| Untracked 
|  34|0x0000000086e00000, 0x0000000086e00000, 0x0000000086f00000|  0%| F|  |TAMS 0x0000000086e00000, 0x0000000086e00000| Untracked 
|  35|0x0000000086f00000, 0x0000000086f00000, 0x0000000087000000|  0%| F|  |TAMS 0x0000000086f00000, 0x0000000086f00000| Untracked 
|  36|0x0000000087000000, 0x0000000087000000, 0x0000000087100000|  0%| F|  |TAMS 0x0000000087000000, 0x0000000087000000| Untracked 
|  37|0x0000000087100000, 0x0000000087100000, 0x0000000087200000|  0%| F|  |TAMS 0x0000000087100000, 0x0000000087100000| Untracked 
|  38|0x0000000087200000, 0x0000000087200000, 0x0000000087300000|  0%| F|  |TAMS 0x0000000087200000, 0x0000000087200000| Untracked 
|  39|0x0000000087300000, 0x0000000087300000, 0x0000000087400000|  0%| F|  |TAMS 0x0000000087300000, 0x0000000087300000| Untracked 
|  40|0x0000000087400000, 0x0000000087400000, 0x0000000087500000|  0%| F|  |TAMS 0x0000000087400000, 0x0000000087400000| Untracked 
|  41|0x0000000087500000, 0x0000000087500000, 0x0000000087600000|  0%| F|  |TAMS 0x0000000087500000, 0x0000000087500000| Untracked 
|  42|0x0000000087600000, 0x0000000087600000, 0x0000000087700000|  0%| F|  |TAMS 0x0000000087600000, 0x0000000087600000| Untracked 
|  43|0x0000000087700000, 0x0000000087700000, 0x0000000087800000|  0%| F|  |TAMS 0x0000000087700000, 0x0000000087700000| Untracked 
|  44|0x0000000087800000, 0x0000000087800000, 0x0000000087900000|  0%| F|  |TAMS 0x0000000087800000, 0x0000000087800000| Untracked 
|  45|0x0000000087900000, 0x0000000087900000, 0x0000000087a00000|  0%| F|  |TAMS 0x0000000087900000, 0x0000000087900000| Untracked 
|  46|0x0000000087a00000, 0x0000000087a00000, 0x0000000087b00000|  0%| F|  |TAMS 0x0000000087a00000, 0x0000000087a00000| Untracked 
|  47|0x0000000087b00000, 0x0000000087b00000, 0x0000000087c00000|  0%| F|  |TAMS 0x0000000087b00000, 0x0000000087b00000| Untracked 
|  48|0x0000000087c00000, 0x0000000087c00000, 0x0000000087d00000|  0%| F|  |TAMS 0x0000000087c00000, 0x0000000087c00000| Untracked 
|  49|0x0000000087d00000, 0x0000000087d00000, 0x0000000087e00000|  0%| F|  |TAMS 0x0000000087d00000, 0x0000000087d00000| Untracked 
|  50|0x0000000087e00000, 0x0000000087e00000, 0x0000000087f00000|  0%| F|  |TAMS 0x0000000087e00000, 0x0000000087e00000| Untracked 
|  51|0x0000000087f00000, 0x0000000087f00000, 0x0000000088000000|  0%| F|  |TAMS 0x0000000087f00000, 0x0000000087f00000| Untracked 
|  52|0x0000000088000000, 0x0000000088000000, 0x0000000088100000|  0%| F|  |TAMS 0x0000000088000000, 0x0000000088000000| Untracked 
|  53|0x0000000088100000, 0x0000000088100000, 0x0000000088200000|  0%| F|  |TAMS 0x0000000088100000, 0x0000000088100000| Untracked 
|  54|0x0000000088200000, 0x0000000088200000, 0x0000000088300000|  0%| F|  |TAMS 0x0000000088200000, 0x0000000088200000| Untracked 
|  55|0x0000000088300000, 0x0000000088300000, 0x0000000088400000|  0%| F|  |TAMS 0x0000000088300000, 0x0000000088300000| Untracked 
|  56|0x0000000088400000, 0x0000000088400000, 0x0000000088500000|  0%| F|  |TAMS 0x0000000088400000, 0x0000000088400000| Untracked 
|  57|0x0000000088500000, 0x0000000088500000, 0x0000000088600000|  0%| F|  |TAMS 0x0000000088500000, 0x0000000088500000| Untracked 
|  58|0x0000000088600000, 0x0000000088600000, 0x0000000088700000|  0%| F|  |TAMS 0x0000000088600000, 0x0000000088600000| Untracked 
|  59|0x0000000088700000, 0x0000000088700000, 0x0000000088800000|  0%| F|  |TAMS 0x0000000088700000, 0x0000000088700000| Untracked 
|  60|0x0000000088800000, 0x0000000088800000, 0x0000000088900000|  0%| F|  |TAMS 0x0000000088800000, 0x0000000088800000| Untracked 
|  61|0x0000000088900000, 0x0000000088900000, 0x0000000088a00000|  0%| F|  |TAMS 0x0000000088900000, 0x0000000088900000| Untracked 
|  62|0x0000000088a00000, 0x0000000088a00000, 0x0000000088b00000|  0%| F|  |TAMS 0x0000000088a00000, 0x0000000088a00000| Untracked 
|  63|0x0000000088b00000, 0x0000000088b00000, 0x0000000088c00000|  0%| F|  |TAMS 0x0000000088b00000, 0x0000000088b00000| Untracked 
|  64|0x0000000088c00000, 0x0000000088c00000, 0x0000000088d00000|  0%| F|  |TAMS 0x0000000088c00000, 0x0000000088c00000| Untracked 
|  65|0x0000000088d00000, 0x0000000088d00000, 0x0000000088e00000|  0%| F|  |TAMS 0x0000000088d00000, 0x0000000088d00000| Untracked 
|  66|0x0000000088e00000, 0x0000000088e00000, 0x0000000088f00000|  0%| F|  |TAMS 0x0000000088e00000, 0x0000000088e00000| Untracked 
|  67|0x0000000088f00000, 0x0000000088f00000, 0x0000000089000000|  0%| F|  |TAMS 0x0000000088f00000, 0x0000000088f00000| Untracked 
|  68|0x0000000089000000, 0x0000000089000000, 0x0000000089100000|  0%| F|  |TAMS 0x0000000089000000, 0x0000000089000000| Untracked 
|  69|0x0000000089100000, 0x0000000089100000, 0x0000000089200000|  0%| F|  |TAMS 0x0000000089100000, 0x0000000089100000| Untracked 
|  70|0x0000000089200000, 0x0000000089200000, 0x0000000089300000|  0%| F|  |TAMS 0x0000000089200000, 0x0000000089200000| Untracked 
|  71|0x0000000089300000, 0x0000000089300000, 0x0000000089400000|  0%| F|  |TAMS 0x0000000089300000, 0x0000000089300000| Untracked 
|  72|0x0000000089400000, 0x0000000089400000, 0x0000000089500000|  0%| F|  |TAMS 0x0000000089400000, 0x0000000089400000| Untracked 
|  73|0x0000000089500000, 0x0000000089500000, 0x0000000089600000|  0%| F|  |TAMS 0x0000000089500000, 0x0000000089500000| Untracked 
|  74|0x0000000089600000, 0x0000000089600000, 0x0000000089700000|  0%| F|  |TAMS 0x0000000089600000, 0x0000000089600000| Untracked 
|  75|0x0000000089700000, 0x0000000089700000, 0x0000000089800000|  0%| F|  |TAMS 0x0000000089700000, 0x0000000089700000| Untracked 
|  76|0x0000000089800000, 0x0000000089800000, 0x0000000089900000|  0%| F|  |TAMS 0x0000000089800000, 0x0000000089800000| Untracked 
|  77|0x0000000089900000, 0x0000000089900000, 0x0000000089a00000|  0%| F|  |TAMS 0x0000000089900000, 0x0000000089900000| Untracked 
|  78|0x0000000089a00000, 0x0000000089a00000, 0x0000000089b00000|  0%| F|  |TAMS 0x0000000089a00000, 0x0000000089a00000| Untracked 
|  79|0x0000000089b00000, 0x0000000089b00000, 0x0000000089c00000|  0%| F|  |TAMS 0x0000000089b00000, 0x0000000089b00000| Untracked 
|  80|0x0000000089c00000, 0x0000000089c00000, 0x0000000089d00000|  0%| F|  |TAMS 0x0000000089c00000, 0x0000000089c00000| Untracked 
|  81|0x0000000089d00000, 0x0000000089d00000, 0x0000000089e00000|  0%| F|  |TAMS 0x0000000089d00000, 0x0000000089d00000| Untracked 
|  82|0x0000000089e00000, 0x0000000089e00000, 0x0000000089f00000|  0%| F|  |TAMS 0x0000000089e00000, 0x0000000089e00000| Untracked 
|  83|0x0000000089f00000, 0x0000000089f00000, 0x000000008a000000|  0%| F|  |TAMS 0x0000000089f00000, 0x0000000089f00000| Untracked 
|  84|0x000000008a000000, 0x000000008a000000, 0x000000008a100000|  0%| F|  |TAMS 0x000000008a000000, 0x000000008a000000| Untracked 
|  85|0x000000008a100000, 0x000000008a100000, 0x000000008a200000|  0%| F|  |TAMS 0x000000008a100000, 0x000000008a100000| Untracked 
|  86|0x000000008a200000, 0x000000008a200000, 0x000000008a300000|  0%| F|  |TAMS 0x000000008a200000, 0x000000008a200000| Untracked 
|  87|0x000000008a300000, 0x000000008a300000, 0x000000008a400000|  0%| F|  |TAMS 0x000000008a300000, 0x000000008a300000| Untracked 
|  88|0x000000008a400000, 0x000000008a400000, 0x000000008a500000|  0%| F|  |TAMS 0x000000008a400000, 0x000000008a400000| Untracked 
|  89|0x000000008a500000, 0x000000008a500000, 0x000000008a600000|  0%| F|  |TAMS 0x000000008a500000, 0x000000008a500000| Untracked 
|  90|0x000000008a600000, 0x000000008a600000, 0x000000008a700000|  0%| F|  |TAMS 0x000000008a600000, 0x000000008a600000| Untracked 
|  91|0x000000008a700000, 0x000000008a700000, 0x000000008a800000|  0%| F|  |TAMS 0x000000008a700000, 0x000000008a700000| Untracked 
|  92|0x000000008a800000, 0x000000008a800000, 0x000000008a900000|  0%| F|  |TAMS 0x000000008a800000, 0x000000008a800000| Untracked 
|  93|0x000000008a900000, 0x000000008a900000, 0x000000008aa00000|  0%| F|  |TAMS 0x000000008a900000, 0x000000008a900000| Untracked 
|  94|0x000000008aa00000, 0x000000008aa00000, 0x000000008ab00000|  0%| F|  |TAMS 0x000000008aa00000, 0x000000008aa00000| Untracked 
|  95|0x000000008ab00000, 0x000000008ab00000, 0x000000008ac00000|  0%| F|  |TAMS 0x000000008ab00000, 0x000000008ab00000| Untracked 
|  96|0x000000008ac00000, 0x000000008ac00000, 0x000000008ad00000|  0%| F|  |TAMS 0x000000008ac00000, 0x000000008ac00000| Untracked 
|  97|0x000000008ad00000, 0x000000008ad00000, 0x000000008ae00000|  0%| F|  |TAMS 0x000000008ad00000, 0x000000008ad00000| Untracked 
|  98|0x000000008ae00000, 0x000000008ae00000, 0x000000008af00000|  0%| F|  |TAMS 0x000000008ae00000, 0x000000008ae00000| Untracked 
|  99|0x000000008af00000, 0x000000008af00000, 0x000000008b000000|  0%| F|  |TAMS 0x000000008af00000, 0x000000008af00000| Untracked 
| 100|0x000000008b000000, 0x000000008b000000, 0x000000008b100000|  0%| F|  |TAMS 0x000000008b000000, 0x000000008b000000| Untracked 
| 101|0x000000008b100000, 0x000000008b100000, 0x000000008b200000|  0%| F|  |TAMS 0x000000008b100000, 0x000000008b100000| Untracked 
| 102|0x000000008b200000, 0x000000008b200000, 0x000000008b300000|  0%| F|  |TAMS 0x000000008b200000, 0x000000008b200000| Untracked 
| 103|0x000000008b300000, 0x000000008b300000, 0x000000008b400000|  0%| F|  |TAMS 0x000000008b300000, 0x000000008b300000| Untracked 
| 104|0x000000008b400000, 0x000000008b400000, 0x000000008b500000|  0%| F|  |TAMS 0x000000008b400000, 0x000000008b400000| Untracked 
| 105|0x000000008b500000, 0x000000008b500000, 0x000000008b600000|  0%| F|  |TAMS 0x000000008b500000, 0x000000008b500000| Untracked 
| 106|0x000000008b600000, 0x000000008b600000, 0x000000008b700000|  0%| F|  |TAMS 0x000000008b600000, 0x000000008b600000| Untracked 
| 107|0x000000008b700000, 0x000000008b700000, 0x000000008b800000|  0%| F|  |TAMS 0x000000008b700000, 0x000000008b700000| Untracked 
| 108|0x000000008b800000, 0x000000008b800000, 0x000000008b900000|  0%| F|  |TAMS 0x000000008b800000, 0x000000008b800000| Untracked 
| 109|0x000000008b900000, 0x000000008b900000, 0x000000008ba00000|  0%| F|  |TAMS 0x000000008b900000, 0x000000008b900000| Untracked 
| 110|0x000000008ba00000, 0x000000008ba00000, 0x000000008bb00000|  0%| F|  |TAMS 0x000000008ba00000, 0x000000008ba00000| Untracked 
| 111|0x000000008bb00000, 0x000000008bb00000, 0x000000008bc00000|  0%| F|  |TAMS 0x000000008bb00000, 0x000000008bb00000| Untracked 
| 112|0x000000008bc00000, 0x000000008bc00000, 0x000000008bd00000|  0%| F|  |TAMS 0x000000008bc00000, 0x000000008bc00000| Untracked 
| 113|0x000000008bd00000, 0x000000008bd00000, 0x000000008be00000|  0%| F|  |TAMS 0x000000008bd00000, 0x000000008bd00000| Untracked 
| 114|0x000000008be00000, 0x000000008beec1f8, 0x000000008bf00000| 92%| E|  |TAMS 0x000000008be00000, 0x000000008be00000| Complete 
| 115|0x000000008bf00000, 0x000000008c000000, 0x000000008c000000|100%| E|CS|TAMS 0x000000008bf00000, 0x000000008bf00000| Complete 
| 116|0x000000008c000000, 0x000000008c100000, 0x000000008c100000|100%| E|CS|TAMS 0x000000008c000000, 0x000000008c000000| Complete 
| 117|0x000000008c100000, 0x000000008c200000, 0x000000008c200000|100%| E|CS|TAMS 0x000000008c100000, 0x000000008c100000| Complete 
| 118|0x000000008c200000, 0x000000008c300000, 0x000000008c300000|100%| E|CS|TAMS 0x000000008c200000, 0x000000008c200000| Complete 
| 119|0x000000008c300000, 0x000000008c400000, 0x000000008c400000|100%| E|CS|TAMS 0x000000008c300000, 0x000000008c300000| Complete 
| 120|0x000000008c400000, 0x000000008c500000, 0x000000008c500000|100%| E|CS|TAMS 0x000000008c400000, 0x000000008c400000| Complete 
| 121|0x000000008c500000, 0x000000008c600000, 0x000000008c600000|100%| E|CS|TAMS 0x000000008c500000, 0x000000008c500000| Complete 
| 122|0x000000008c600000, 0x000000008c700000, 0x000000008c700000|100%| E|CS|TAMS 0x000000008c600000, 0x000000008c600000| Complete 
| 123|0x000000008c700000, 0x000000008c800000, 0x000000008c800000|100%| E|CS|TAMS 0x000000008c700000, 0x000000008c700000| Complete 

Card table byte_map: [0x0000022be9390000,0x0000022be9770000] _byte_map_base: 0x0000022be8f6a000

Marking Bits (Prev, Next): (CMBitMap*) 0x0000022bcfe57650, (CMBitMap*) 0x0000022bcfe57690
 Prev Bits: [0x0000022be9b50000, 0x0000022beba20000)
 Next Bits: [0x0000022beba20000, 0x0000022bed8f0000)

Polling page: 0x0000022bcfec0000

Metaspace:

Usage:
  Non-class:      1.98 MB used.
      Class:    188.11 KB used.
       Both:      2.17 MB used.

Virtual space:
  Non-class space:       64.00 MB reserved,       2.06 MB (  3%) committed,  1 nodes.
      Class space:        1.00 GB reserved,     256.00 KB ( <1%) committed,  1 nodes.
             Both:        1.06 GB reserved,       2.31 MB ( <1%) committed. 

Chunk freelists:
   Non-Class:  3.48 MB
       Class:  3.67 MB
        Both:  7.15 MB

MaxMetaspaceSize: unlimited
CompressedClassSpaceSize: 1.00 GB
Initial GC threshold: 21.00 MB
Current GC threshold: 21.00 MB
CDS: on
MetaspaceReclaimPolicy: balanced
 - commit_granule_bytes: 65536.
 - commit_granule_words: 8192.
 - virtual_space_node_default_size: 8388608.
 - enlarge_chunks_in_place: 1.
 - new_chunks_are_fully_committed: 0.
 - uncommit_free_chunks: 1.
 - use_allocation_guard: 0.


Internal statistics:

num_allocs_failed_limit: 0.
num_arena_births: 28.
num_arena_deaths: 0.
num_vsnodes_births: 2.
num_vsnodes_deaths: 0.
num_space_committed: 37.
num_space_uncommitted: 0.
num_chunks_returned_to_freelist: 0.
num_chunks_taken_from_freelist: 61.
num_chunk_merges: 0.
num_chunk_splits: 38.
num_chunks_enlarged: 26.
num_inconsistent_stats: 0.

CodeHeap 'non-profiled nmethods': size=120000Kb used=211Kb max_used=211Kb free=119788Kb
 bounds [0x0000022be1000000, 0x0000022be1270000, 0x0000022be8530000]
CodeHeap 'profiled nmethods': size=120000Kb used=948Kb max_used=948Kb free=119052Kb
 bounds [0x0000022bd9530000, 0x0000022bd97a0000, 0x0000022be0a60000]
CodeHeap 'non-nmethods': size=5760Kb used=1240Kb max_used=1256Kb free=4519Kb
 bounds [0x0000022be0a60000, 0x0000022be0cd0000, 0x0000022be1000000]
 total_blobs=1067 nmethods=638 adapters=340
 compilation: enabled
              stopped_count=0, restarted_count=0
 full_count=0

Compilation events (20 events):
Event: 0.175 Thread 0x0000022bf03a9650 nmethod 567 0x0000022bd9600610 code [0x0000022bd96007c0, 0x0000022bd9600908]
Event: 0.175 Thread 0x0000022bf03a9650  569       1       sun.util.locale.BaseLocale::getLanguage (5 bytes)
Event: 0.175 Thread 0x0000022bf03a9650 nmethod 569 0x0000022be102c190 code [0x0000022be102c320, 0x0000022be102c3d8]
Event: 0.176 Thread 0x0000022bf03a8bf0 nmethod 535 0x0000022be102c490 code [0x0000022be102c680, 0x0000022be102d010]
Event: 0.176 Thread 0x0000022bf03a8bf0  552       4       java.lang.StringLatin1::indexOf (121 bytes)
Event: 0.176 Thread 0x0000022bf03a9650  570       3       java.io.BufferedInputStream::getBufIfOpen (21 bytes)
Event: 0.176 Thread 0x0000022bf03a9650 nmethod 570 0x0000022bd9600990 code [0x0000022bd9600b40, 0x0000022bd9600d48]
Event: 0.176 Thread 0x0000022bf03a9650  571   !   3       java.io.BufferedInputStream::read (54 bytes)
Event: 0.176 Thread 0x0000022bf03a9650 nmethod 571 0x0000022bd9600e10 code [0x0000022bd96010a0, 0x0000022bd9601cd8]
Event: 0.176 Thread 0x0000022bf03a9650  573       3       java.io.DataInputStream::readUTF (501 bytes)
Event: 0.177 Thread 0x0000022bf03a9650 nmethod 573 0x0000022bd9602190 code [0x0000022bd96025c0, 0x0000022bd9604498]
Event: 0.177 Thread 0x0000022bf03a9650  578       3       java.io.DataInputStream::readFully (59 bytes)
Event: 0.177 Thread 0x0000022bf03a9650 nmethod 578 0x0000022bd9605090 code [0x0000022bd9605280, 0x0000022bd96057a8]
Event: 0.177 Thread 0x0000022bf03a9650  581       3       java.io.BufferedInputStream::implRead (113 bytes)
Event: 0.178 Thread 0x0000022bf03a9650 nmethod 581 0x0000022bd9605a10 code [0x0000022bd9605c40, 0x0000022bd96063d8]
Event: 0.178 Thread 0x0000022bf03a9650  579       3       java.io.BufferedInputStream::read1 (108 bytes)
Event: 0.178 Thread 0x0000022bf03a9650 nmethod 579 0x0000022bd9606610 code [0x0000022bd9606860, 0x0000022bd9607178]
Event: 0.178 Thread 0x0000022bf03a9650  580   !   3       java.io.BufferedInputStream::read (69 bytes)
Event: 0.178 Thread 0x0000022bf4652320 nmethod 536 0x0000022be102d910 code [0x0000022be102db20, 0x0000022be102e780]
Event: 0.178 Thread 0x0000022bf4652320  574       4       java.lang.StringUTF16::compress (50 bytes)

GC Heap History (0 events):
No events

Dll operation events (10 events):
Event: 0.003 Loaded shared library C:\Program Files\Java\jdk-19\bin\java.dll
Event: 0.010 Loaded shared library C:\Program Files\Java\jdk-19\bin\jsvml.dll
Event: 0.067 Loaded shared library C:\Program Files\Java\jdk-19\bin\zip.dll
Event: 0.069 Loaded shared library C:\Program Files\Java\jdk-19\bin\instrument.dll
Event: 0.074 Loaded shared library C:\Program Files\Java\jdk-19\bin\net.dll
Event: 0.075 Loaded shared library C:\Program Files\Java\jdk-19\bin\nio.dll
Event: 0.078 Loaded shared library C:\Program Files\Java\jdk-19\bin\zip.dll
Event: 0.130 Loaded shared library C:\Program Files\Java\jdk-19\bin\extnet.dll
Event: 0.141 Loaded shared library C:\Program Files\Java\jdk-19\bin\verify.dll
Event: 0.143 Loaded shared library C:\Program Files\Java\jdk-19\bin\jimage.dll

Deoptimization events (10 events):
Event: 0.077 Thread 0x0000022bcfdf7680 Uncommon trap: trap_request=0xffffff45 fr.pc=0x0000022be100a440 relative=0x00000000000000a0
Event: 0.077 Thread 0x0000022bcfdf7680 Uncommon trap: reason=unstable_if action=reinterpret pc=0x0000022be100a440 method=java.lang.String.hashCode()I @ 20 c2
Event: 0.077 Thread 0x0000022bcfdf7680 DEOPT PACKING pc=0x0000022be100a440 sp=0x0000009a415fde30
Event: 0.077 Thread 0x0000022bcfdf7680 DEOPT UNPACKING pc=0x0000022be0aca5a3 sp=0x0000009a415fddc8 mode 2
Event: 0.158 Thread 0x0000022bcfdf7680 DEOPT PACKING pc=0x0000022bd956b9d7 sp=0x0000009a415fbbe0
Event: 0.158 Thread 0x0000022bcfdf7680 DEOPT UNPACKING pc=0x0000022be0acb0e3 sp=0x0000009a415fb078 mode 0
Event: 0.166 Thread 0x0000022bcfdf7680 Uncommon trap: trap_request=0xffffff45 fr.pc=0x0000022be100f3a4 relative=0x0000000000000184
Event: 0.166 Thread 0x0000022bcfdf7680 Uncommon trap: reason=unstable_if action=reinterpret pc=0x0000022be100f3a4 method=java.lang.String.equals(Ljava/lang/Object;)Z @ 33 c2
Event: 0.166 Thread 0x0000022bcfdf7680 DEOPT PACKING pc=0x0000022be100f3a4 sp=0x0000009a415fc530
Event: 0.166 Thread 0x0000022bcfdf7680 DEOPT UNPACKING pc=0x0000022be0aca5a3 sp=0x0000009a415fc4d0 mode 2

Classes loaded (20 events):
Event: 0.166 Loading class java/util/PropertyPermissionCollection$1
Event: 0.166 Loading class java/util/PropertyPermissionCollection$1 done
Event: 0.166 Loading class sun/net/www/protocol/file/FileURLConnection
Event: 0.166 Loading class sun/net/www/URLConnection
Event: 0.166 Loading class java/net/URLConnection
Event: 0.166 Loading class java/net/URLConnection done
Event: 0.166 Loading class sun/net/www/URLConnection done
Event: 0.166 Loading class sun/net/www/protocol/file/FileURLConnection done
Event: 0.166 Loading class sun/net/www/MessageHeader
Event: 0.166 Loading class sun/net/www/MessageHeader done
Event: 0.166 Loading class java/io/FilePermissionCollection
Event: 0.166 Loading class java/io/FilePermissionCollection done
Event: 0.166 Loading class java/io/FilePermissionCollection$1
Event: 0.166 Loading class java/io/FilePermissionCollection$1 done
Event: 0.166 Loading class java/security/PermissionsEnumerator
Event: 0.166 Loading class java/security/PermissionsEnumerator done
Event: 0.172 Loading class java/util/concurrent/atomic/AtomicBoolean
Event: 0.172 Loading class java/util/concurrent/atomic/AtomicBoolean done
Event: 0.178 Loading class sun/util/calendar/ZoneInfoFile$Checksum
Event: 0.178 Loading class sun/util/calendar/ZoneInfoFile$Checksum done

Classes unloaded (0 events):
No events

Classes redefined (0 events):
No events

Internal exceptions (5 events):
Event: 0.120 Thread 0x0000022bcfdf7680 Exception <a 'java/lang/NoSuchMethodError'{0x000000008c1e1b78}: 'void java.lang.invoke.DirectMethodHandle$Holder.invokeStatic(java.lang.Object, java.lang.Object, java.lang.Object)'> (0x000000008c1e1b78) 
thrown [s\open\src\hotspot\share\interpreter\linkResolver.cpp, line 774]
Event: 0.123 Thread 0x0000022bcfdf7680 Exception <a 'java/lang/NoSuchMethodError'{0x000000008c1fa170}: 'java.lang.Object java.lang.invoke.Invokers$Holder.invokeExact_MT(java.lang.Object, java.lang.Object, java.lang.Object, java.lang.Object, java.lang.Object)'> (0x000000008c1fa170) 
thrown [s\open\src\hotspot\share\interpreter\linkResolver.cpp, line 774]
Event: 0.131 Thread 0x0000022bf47b0280 Exception <a 'java/lang/NoSuchMethodError'{0x000000008c07f218}: 'void java.lang.invoke.DirectMethodHandle$Holder.invokeStatic(java.lang.Object, java.lang.Object)'> (0x000000008c07f218) 
thrown [s\open\src\hotspot\share\interpreter\linkResolver.cpp, line 774]
Event: 0.163 Thread 0x0000022bcfdf7680 Exception <a 'java/lang/ClassNotFoundException'{0x000000008bff2008}: javax/smartcardio/CardPermission> (0x000000008bff2008) 
thrown [s\open\src\hotspot\share\classfile\systemDictionary.cpp, line 255]
Event: 0.165 Thread 0x0000022bcfdf7680 Exception <a 'java/io/FileNotFoundException'{0x000000008be01150}> (0x000000008be01150) 
thrown [s\open\src\hotspot\share\prims\jni.cpp, line 517]

VM Operations (4 events):
Event: 0.060 Executing VM operation: HandshakeAllThreads
Event: 0.060 Executing VM operation: HandshakeAllThreads done
Event: 0.127 Executing VM operation: HandshakeAllThreads
Event: 0.127 Executing VM operation: HandshakeAllThreads done

Events (14 events):
Event: 0.010 Thread 0x0000022bcfdf7680 Thread added: 0x0000022bcfdf7680
Event: 0.021 Thread 0x0000022bf039bbc0 Thread added: 0x0000022bf039bbc0
Event: 0.021 Thread 0x0000022bf039c8a0 Thread added: 0x0000022bf039c8a0
Event: 0.021 Thread 0x0000022bf039e9a0 Thread added: 0x0000022bf039e9a0
Event: 0.021 Thread 0x0000022bf039f3c0 Thread added: 0x0000022bf039f3c0
Event: 0.021 Thread 0x0000022bf039fde0 Thread added: 0x0000022bf039fde0
Event: 0.021 Thread 0x0000022bf03a49a0 Thread added: 0x0000022bf03a49a0
Event: 0.021 Thread 0x0000022bf03a8bf0 Thread added: 0x0000022bf03a8bf0
Event: 0.021 Thread 0x0000022bf03a9650 Thread added: 0x0000022bf03a9650
Event: 0.022 Thread 0x0000022bf03b7810 Thread added: 0x0000022bf03b7810
Event: 0.056 Thread 0x0000022bf45b1280 Thread added: 0x0000022bf45b1280
Event: 0.068 Thread 0x0000022bf4652320 Thread added: 0x0000022bf4652320
Event: 0.125 Thread 0x0000022bf47b0280 Thread added: 0x0000022bf47b0280
Event: 0.125 Thread 0x0000022bf47b07c0 Thread added: 0x0000022bf47b07c0


Dynamic libraries:
0x00007ff6ec990000 - 0x00007ff6ec9a0000 	C:\Program Files\Java\jdk-19\bin\java.exe
0x00007ff9eae90000 - 0x00007ff9eb085000 	C:\Windows\SYSTEM32\ntdll.dll
0x00007ff9e9bd0000 - 0x00007ff9e9c8e000 	C:\Windows\System32\KERNEL32.DLL
0x00007ff9e8ac0000 - 0x00007ff9e8d89000 	C:\Windows\System32\KERNELBASE.dll
0x00007ff9e8690000 - 0x00007ff9e8790000 	C:\Windows\System32\ucrtbase.dll
0x00007ff9e2310000 - 0x00007ff9e232b000 	C:\Program Files\Java\jdk-19\bin\VCRUNTIME140.dll
0x00007ff9e24a0000 - 0x00007ff9e24b8000 	C:\Program Files\Java\jdk-19\bin\jli.dll
0x00007ff9ea010000 - 0x00007ff9ea0bc000 	C:\Windows\System32\ADVAPI32.dll
0x00007ff9eadb0000 - 0x00007ff9eae4e000 	C:\Windows\System32\msvcrt.dll
0x00007ff9e9c90000 - 0x00007ff9e9d2b000 	C:\Windows\System32\sechost.dll
0x00007ff9ea460000 - 0x00007ff9ea58a000 	C:\Windows\System32\RPCRT4.dll
0x00007ff9e99c0000 - 0x00007ff9e9b61000 	C:\Windows\System32\USER32.dll
0x00007ff9e8660000 - 0x00007ff9e8682000 	C:\Windows\System32\win32u.dll
0x00007ff9d2400000 - 0x00007ff9d269a000 	C:\Windows\WinSxS\amd64_microsoft.windows.common-controls_6595b64144ccf1df_6.0.19041.1110_none_60b5254171f9507e\COMCTL32.dll
0x00007ff9ea320000 - 0x00007ff9ea34b000 	C:\Windows\System32\GDI32.dll
0x00007ff9e8920000 - 0x00007ff9e8a2b000 	C:\Windows\System32\gdi32full.dll
0x00007ff9e8d90000 - 0x00007ff9e8e2d000 	C:\Windows\System32\msvcp_win.dll
0x00007ff9df2f0000 - 0x00007ff9df2fa000 	C:\Windows\SYSTEM32\VERSION.dll
0x00007ff9ea420000 - 0x00007ff9ea450000 	C:\Windows\System32\IMM32.DLL
0x00007ff9e3dd0000 - 0x00007ff9e3ddc000 	C:\Program Files\Java\jdk-19\bin\vcruntime140_1.dll
0x00007ff9d4d10000 - 0x00007ff9d4d9e000 	C:\Program Files\Java\jdk-19\bin\msvcp140.dll
0x00007ff97e1d0000 - 0x00007ff97ee90000 	C:\Program Files\Java\jdk-19\bin\server\jvm.dll
0x00007ff9cd520000 - 0x00007ff9cd547000 	C:\Windows\SYSTEM32\WINMM.dll
0x00007ff9cf1c0000 - 0x00007ff9cf1c9000 	C:\Windows\SYSTEM32\WSOCK32.dll
0x00007ff9e9fa0000 - 0x00007ff9ea00b000 	C:\Windows\System32\WS2_32.dll
0x00007ff9e6e80000 - 0x00007ff9e6e92000 	C:\Windows\SYSTEM32\kernel.appcore.dll
0x00007ff9e2950000 - 0x00007ff9e295a000 	C:\Program Files\Java\jdk-19\bin\jimage.dll
0x00007ff9e63a0000 - 0x00007ff9e6584000 	C:\Windows\SYSTEM32\DBGHELP.DLL
0x00007ff9ce4c0000 - 0x00007ff9ce4ec000 	C:\Windows\SYSTEM32\dbgcore.DLL
0x00007ff9e8a30000 - 0x00007ff9e8ab3000 	C:\Windows\System32\bcryptPrimitives.dll
0x00007ff9e2910000 - 0x00007ff9e291e000 	C:\Program Files\Java\jdk-19\bin\instrument.dll
0x00007ff9e22e0000 - 0x00007ff9e2306000 	C:\Program Files\Java\jdk-19\bin\java.dll
0x00007ff9d49a0000 - 0x00007ff9d4a77000 	C:\Program Files\Java\jdk-19\bin\jsvml.dll
0x00007ff9ea590000 - 0x00007ff9eaccf000 	C:\Windows\System32\SHELL32.dll
0x00007ff9e6690000 - 0x00007ff9e6e20000 	C:\Windows\SYSTEM32\windows.storage.dll
0x00007ff9e9660000 - 0x00007ff9e99b5000 	C:\Windows\System32\combase.dll
0x00007ff9e8000000 - 0x00007ff9e802c000 	C:\Windows\SYSTEM32\Wldp.dll
0x00007ff9ea270000 - 0x00007ff9ea31e000 	C:\Windows\System32\SHCORE.dll
0x00007ff9e9b70000 - 0x00007ff9e9bc5000 	C:\Windows\System32\shlwapi.dll
0x00007ff9e84f0000 - 0x00007ff9e850f000 	C:\Windows\SYSTEM32\profapi.dll
0x00007ff9de250000 - 0x00007ff9de268000 	C:\Program Files\Java\jdk-19\bin\zip.dll
0x00007ff9e22c0000 - 0x00007ff9e22d3000 	C:\Program Files\Java\jdk-19\bin\net.dll
0x00007ff9d3f80000 - 0x00007ff9d4088000 	C:\Windows\SYSTEM32\WINHTTP.dll
0x00007ff9e7cf0000 - 0x00007ff9e7d5a000 	C:\Windows\system32\mswsock.dll
0x00007ff9e22a0000 - 0x00007ff9e22b6000 	C:\Program Files\Java\jdk-19\bin\nio.dll
0x00007ff9e2930000 - 0x00007ff9e2938000 	C:\Program Files\Java\jdk-19\bin\extnet.dll
0x00007ff9e2490000 - 0x00007ff9e24a0000 	C:\Program Files\Java\jdk-19\bin\verify.dll

dbghelp: loaded successfully - version: 4.0.5 - missing functions: none
symbol engine: initialized successfully - sym options: 0x614 - pdb path: .;C:\Program Files\Java\jdk-19\bin;C:\Windows\SYSTEM32;C:\Windows\WinSxS\amd64_microsoft.windows.common-controls_6595b64144ccf1df_6.0.19041.1110_none_60b5254171f9507e;C:\Program Files\Java\jdk-19\bin\server

VM Arguments:
jvm_args: -javaagent:C:\Users\Жанарбай\AppData\Local\JetBrains\IntelliJ IDEA Community Edition 2022.3.2\lib\idea_rt.jar=53075:C:\Users\Жанарбай\AppData\Local\JetBrains\IntelliJ IDEA Community Edition 2022.3.2\bin -Dfile.encoding=UTF-8 -Dsun.stdout.encoding=UTF-8 -Dsun.stderr.encoding=UTF-8 
java_command: com.example.instazoo.InstazooApplication
java_class_path (initial): C:\Users\Жанарбай\Desktop\frameworks\SPRING\instazoo\target\classes;C:\Users\Жанарбай\.m2\repository\org\springframework\boot\spring-boot-starter-data-jpa\2.4.1\spring-boot-starter-data-jpa-2.4.1.jar;C:\Users\Жанарбай\.m2\repository\org\springframework\boot\spring-boot-starter-aop\2.4.1\spring-boot-starter-aop-2.4.1.jar;C:\Users\Жанарбай\.m2\repository\org\aspectj\aspectjweaver\1.9.6\aspectjweaver-1.9.6.jar;C:\Users\Жанарбай\.m2\repository\org\springframework\boot\spring-boot-starter-jdbc\2.4.1\spring-boot-starter-jdbc-2.4.1.jar;C:\Users\Жанарбай\.m2\repository\com\zaxxer\HikariCP\3.4.5\HikariCP-3.4.5.jar;C:\Users\Жанарбай\.m2\repository\org\springframework\spring-jdbc\5.3.2\spring-jdbc-5.3.2.jar;C:\Users\Жанарбай\.m2\repository\jakarta\transaction\jakarta.transaction-api\1.3.3\jakarta.transaction-api-1.3.3.jar;C:\Users\Жанарбай\.m2\repository\jakarta\persistence\jakarta.persistence-api\2.2.3\jakarta.persistence-api-2.2.3.jar;C:\Users\Жанарбай\.m2\repository\org\hibernate\hibernate-core\5.4.25.Final\hibernate-core-5.4.25.Final.jar;C:\Users\Жанарбай\.m2\repository\org\jboss\logging\jboss-logging\3.4.1.Final\jboss-logging-3.4.1.Final.jar;C:\Users\Жанарбай\.m2\repository\org\javassist\javassist\3.27.0-GA\javassist-3.27.0-GA.jar;C:\Users\Жанарбай\.m2\repository\net\bytebuddy\byte-buddy\1.10.18\byte-buddy-1.10.18.jar;C:\Users\Жанарбай\.m2\repository\antlr\antlr\2.7.7\antlr-2.7.7.jar;C:\Users\Жанарбай\.m2\repository\org\jboss\jandex\2.1.3.Final\jandex-2.1.3.Final.jar;C:\Users\Жанарбай\.m2\repository\com\fasterxml\classmate\1.5.1\classmate-1.5.1.jar;C:\Users\Жанарбай\.m2\repository\org\dom4j\dom4j\2.1.3\dom4j-2.1.3.jar;C:\Users\Жанарбай\.m2\repository\org\hibernate\common\hibernate-commons-annotations\5.1.2.Final\hibernate-commons-annotations-5.1.2.Final.jar;C:\Users\Жанарбай\.m2\repository\org\glassfish\jaxb\jaxb-runtime\2.3.3\jaxb-runtime-2.3.3.jar;C:\Users\Жанарбай\.m2\repository\jakarta\xml\bind\jakarta.xml.bind-api\2.3.3\jakarta.xml.bind-api-2.3.3.jar;C:\Users\Жанарбай\.m2\repository\org\glassfish\jaxb\txw2\2.3.3\txw2-2.3.3.jar;C:\Users\Жанарбай\.m2\repository\com\sun\istack\istack-commons-runtime\3.0.11\istack-commons-runtime-3.0.11.jar;C:\Users\Жанарбай\.m2\repository\com\sun\activation\jakarta.activation\1.2.2\jakarta.activation-1.2.2.jar;C:\Users\Жанарбай\.m2\repository\org\springframework\data\spring-data-jpa\2.4.2\spring-data-jpa-2.4.2.jar;C:\Users\Жанарбай\.m2\repository\org\springframework\data\spring-data-commons\2.4.2\spring-data-commons-2.4.2.jar;C:\Users\Жанарбай\.m2\repository\org\springframework\spring-orm\5.3.2\spring-orm-5.3.2.jar;C:\Users\Жанарбай\.m2\repository\org\springframework\spring-context\5.3.2\spring-context-5.3.2.jar;C:\Users\Жанарбай\.m2\repository\org\springframework\spring-tx\5.3.2\spring-tx-5.3.2.jar;C:\Users\Жанарбай\.m2\repository\org\springframework\spring-beans\5.3.2\spring-beans-5.3.2.jar;C:\Users\Жанарбай\.m2\repository\org\slf4j\slf4j-api\1.7.30\slf4j-api-1.7.30.jar;C:\Users\Жанарбай\.m2\repository\org\springframework\spring-aspects\5.3.2\spring-aspects-5.3.2.jar;C:\Users\Жанарбай\.m2\repository\org\springframework\boot\spring-boot-starter-data-rest\2.4.1\spring-boot-starter-data-rest-2.4.1.jar;C:\Users\Жанарбай\.m2\repository\org\springframework\boot\spring-boot-starter-web\2.4.1\spring-boot-starter-web-2.4.1.jar;C:\Users\Жанарбай\.m2\repository\org\springframework\boot\spring-boot-starter-json\2.4.1\spring-boot-starter-json-2.4.1.jar;C:\Users\Жанарбай\.m2\repository\com\fasterxml\jackson\datatype\jackson-datatype-jdk8\2.11.3\jackson-datatype-jdk8-2.11.3.jar;C:\Users\Жанарбай\.m2\repository\com\fasterxml\jackson\datatype\jackson-datatype-jsr310\2.11.3\jackson-datatype-jsr310-2.11.3.jar;C:\Users\Жанарбай\.m2\repository\com\fasterxml\jackson\module\jackson-module-parameter-names\2.11.3\jackson-module-parameter-names-2.11.3.jar;C:\Users\Жанарбай\.m2\repository\org\springframework\boot\spring-boot-starter-tomcat\2.4.1\spring-boot-starter-tomcat-2.4.1.jar;C:\Users\Жанарбай\.m2\repository\org\apache\tomcat\embed\tomcat-embed-core\9.0.41\tomcat-embed-core-9.0.41.jar;C:\Users\Жанарбай\.m2\repository\org\apache\tomcat\embed\tomcat-embed-websocket\9.0.41\tomcat-embed-websocket-9.0.41.jar;C:\Users\Жанарбай\.m2\repository\org\springframework\spring-web\5.3.2\spring-web-5.3.2.jar;C:\Users\Жанарбай\.m2\repository\org\springframework\spring-webmvc\5.3.2\spring-webmvc-5.3.2.jar;C:\Users\Жанарбай\.m2\repository\org\springframework\data\spring-data-rest-webmvc\3.4.2\spring-data-rest-webmvc-3.4.2.jar;C:\Users\Жанарбай\.m2\repository\org\springframework\data\spring-data-rest-core\3.4.2\spring-data-rest-core-3.4.2.jar;C:\Users\Жанарбай\.m2\repository\org\springframework\hateoas\spring-hateoas\1.2.2\spring-hateoas-1.2.2.jar;C:\Users\Жанарбай\.m2\repository\com\jayway\jsonpath\json-path\2.4.0\json-path-2.4.0.jar;C:\Users\Жанарбай\.m2\repository\net\minidev\json-smart\2.3\json-smart-2.3.jar;C:\Users\Жанарбай\.m2\repository\net\minidev\accessors-smart\1.2\accessors-smart-1.2.jar;C:\Users\Жанарбай\.m2\repository\org\ow2\asm\asm\5.0.4\asm-5.0.4.jar;C:\Users\Жанарбай\.m2\repository\org\springframework\plugin\spring-plugin-core\2.0.0.RELEASE\spring-plugin-core-2.0.0.RELEASE.jar;C:\Users\Жанарбай\.m2\repository\org\atteo\evo-inflector\1.2.2\evo-inflector-1.2.2.jar;C:\Users\Жанарбай\.m2\repository\com\fasterxml\jackson\core\jackson-annotations\2.11.3\jackson-annotations-2.11.3.jar;C:\Users\Жанарбай\.m2\repository\org\springframework\boot\spring-boot-starter-security\2.4.1\spring-boot-starter-security-2.4.1.jar;C:\Users\Жанарбай\.m2\repository\org\springframework\boot\spring-boot-starter\2.4.1\spring-boot-starter-2.4.1.jar;C:\Users\Жанарбай\.m2\repository\org\springframework\boot\spring-boot\2.4.1\spring-boot-2.4.1.jar;C:\Users\Жанарбай\.m2\repository\org\springframework\boot\spring-boot-autoconfigure\2.4.1\spring-boot-autoconfigure-2.4.1.jar;C:\Users\Жанарбай\.m2\repository\org\springframework\boot\spring-boot-starter-logging\2.4.1\spring-boot-starter-logging-2.4.1.jar;C:\Users\Жанарбай\.m2\repository\ch\qos\logback\logback-classic\1.2.3\logback-classic-1.2.3.jar;C:\Users\Жанарбай\.m2\repository\ch\qos\logback\logback-core\1.2.3\logback-core-1.2.3.jar;C:\Users\Жанарбай\.m2\repository\org\apache\logging\log4j\log4j-to-slf4j\2.13.3\log4j-to-slf4j-2.13.3.jar;C:\Users\Жанарбай\.m2\repository\org\apache\logging\log4j\log4j-api\2.13.3\log4j-api-2.13.3.jar;C:\Users\Жанарбай\.m2\repository\org\slf4j\jul-to-slf4j\1.7.30\jul-to-slf4j-1.7.30.jar;C:\Users\Жанарбай\.m2\repository\jakarta\annotation\jakarta.annotation-api\1.3.5\jakarta.annotation-api-1.3.5.jar;C:\Users\Жанарбай\.m2\repository\org\yaml\snakeyaml\1.27\snakeyaml-1.27.jar;C:\Users\Жанарбай\.m2\repository\org\springframework\spring-aop\5.3.2\spring-aop-5.3.2.jar;C:\Users\Жанарбай\.m2\repository\org\springframework\security\spring-security-config\5.4.2\spring-security-config-5.4.2.jar;C:\Users\Жанарбай\.m2\repository\org\springframework\security\spring-security-web\5.4.2\spring-security-web-5.4.2.jar;C:\Users\Жанарбай\.m2\repository\org\springframework\spring-expression\5.3.2\spring-expression-5.3.2.jar;C:\Users\Жанарбай\.m2\repository\com\google\code\gson\gson\2.8.5\gson-2.8.5.jar;C:\Users\Жанарбай\.m2\repository\io\jsonwebtoken\jjwt\0.9.0\jjwt-0.9.0.jar;C:\Users\Жанарбай\.m2\repository\com\fasterxml\jackson\core\jackson-databind\2.11.3\jackson-databind-2.11.3.jar;C:\Users\Жанарбай\.m2\repository\com\fasterxml\jackson\core\jackson-core\2.11.3\jackson-core-2.11.3.jar;C:\Users\Жанарбай\.m2\repository\org\springframework\boot\spring-boot-starter-validation\2.4.1\spring-boot-starter-validation-2.4.1.jar;C:\Users\Жанарбай\.m2\repository\org\glassfish\jakarta.el\3.0.3\jakarta.el-3.0.3.jar;C:\Users\Жанарбай\.m2\repository\org\hibernate\validator\hibernate-validator\6.1.6.Final\hibernate-validator-6.1.6.Final.jar;C:\Users\Жанарбай\.m2\repository\jakarta\validation\jakarta.validation-api\2.0.2\jakarta.validation-api-2.0.2.jar;C:\Users\Жанарбай\.m2\repository\javax\xml\bind\jaxb-api\2.3.0\jaxb-api-2.3.0.jar;C:\Users\Жанарбай\.m2\repository\org\postgresql\postgresql\42.2.18\postgresql-42.2.18.jar;C:\Users\Жанарбай\.m2\repository\org\checkerframework\checker-qual\3.5.0\checker-qual-3.5.0.jar;C:\Users\Жанарбай\.m2\repository\org\projectlombok\lombok\1.18.16\lombok-1.18.16.jar;C:\Users\Жанарбай\.m2\repository\org\springframework\security\spring-security-core\5.4.2\spring-security-core-5.4.2.jar;C:\Users\Жанарбай\.m2\repository\org\springframework\spring-core\5.3.2\spring-core-5.3.2.jar;C:\Users\Жанарбай\.m2\repository\org\springframework\spring-jcl\5.3.2\spring-jcl-5.3.2.jar
Launcher Type: SUN_STANDARD

[Global flags]
     intx CICompilerCount                          = 4                                         {product} {ergonomic}
     uint ConcGCThreads                            = 2                                         {product} {ergonomic}
     uint G1ConcRefinementThreads                  = 8                                         {product} {ergonomic}
   size_t G1HeapRegionSize                         = 1048576                                   {product} {ergonomic}
    uintx GCDrainStackTargetSize                   = 64                                        {product} {ergonomic}
   size_t InitialHeapSize                          = 130023424                                 {product} {ergonomic}
   size_t MarkStackSize                            = 4194304                                   {product} {ergonomic}
   size_t MaxHeapSize                              = 2067791872                                {product} {ergonomic}
   size_t MaxNewSize                               = 1240465408                                {product} {ergonomic}
   size_t MinHeapDeltaBytes                        = 1048576                                   {product} {ergonomic}
   size_t MinHeapSize                              = 8388608                                   {product} {ergonomic}
    uintx NonNMethodCodeHeapSize                   = 5839372                                {pd product} {ergonomic}
    uintx NonProfiledCodeHeapSize                  = 122909434                              {pd product} {ergonomic}
    uintx ProfiledCodeHeapSize                     = 122909434                              {pd product} {ergonomic}
    uintx ReservedCodeCacheSize                    = 251658240                              {pd product} {ergonomic}
     bool SegmentedCodeCache                       = true                                      {product} {ergonomic}
   size_t SoftMaxHeapSize                          = 2067791872                             {manageable} {ergonomic}
     bool UseCompressedClassPointers               = true                           {product lp64_product} {ergonomic}
     bool UseCompressedOops                        = true                           {product lp64_product} {ergonomic}
     bool UseG1GC                                  = true                                      {product} {ergonomic}
     bool UseLargePagesIndividualAllocation        = false                                  {pd product} {ergonomic}

Logging:
Log output configuration:
 #0: stdout all=warning uptime,level,tags foldmultilines=false
 #1: stderr all=off uptime,level,tags foldmultilines=false

Environment Variables:
JAVA_HOME=C:\Program Files\Java\jdk-19
PATH=C:\Program Files\Common Files\Oracle\Java\javapath;C:\Windows\system32;C:\Windows;C:\Windows\System32\Wbem;C:\Windows\System32\WindowsPowerShell\v1.0\;C:\Program Files\Git\cmd;C:\Program Files\Java\jdk-19\bin;C:\Program Files\MySQL\MySQL Shell 8.0\bin\;C:\Users\Жанарбай\AppData\Local\Microsoft\WindowsApps;C:\Users\Жанарбай\AppData\Local\Programs\Microsoft VS Code\bin;C:\Program Files\JetBrains\PyCharm Community Edition 2022.2.3\bin;;C:\Users\Жанарбай\AppData\Local\GitHubDesktop\bin
USERNAME=Жанарбай
OS=Windows_NT
PROCESSOR_IDENTIFIER=Intel64 Family 6 Model 140 Stepping 1, GenuineIntel
TMP=C:\Users\46FB~1\AppData\Local\Temp
TEMP=C:\Users\46FB~1\AppData\Local\Temp



---------------  S Y S T E M  ---------------

OS:
 Windows 10 , 64 bit Build 19041 (10.0.19041.1202)
OS uptime: 0 days 3:48 hours

CPU: total 8 (initial active 8) (4 cores per cpu, 2 threads per core) family 6 model 140 stepping 1 microcode 0xa4, cx8, cmov, fxsr, ht, mmx, 3dnowpref, sse, sse2, sse3, ssse3, sse4.1, sse4.2, popcnt, lzcnt, tsc, tscinvbit, avx, avx2, aes, erms, clmul, bmi1, bmi2, adx, avx512f, avx512dq, avx512cd, avx512bw, avx512vl, sha, fma, vzeroupper, avx512_vpopcntdq, avx512_vpclmulqdq, avx512_vaes, avx512_vnni, clflush, clflushopt, clwb, avx512_vbmi2, avx512_vbmi, rdtscp, rdpid, fsrm, gfni, avx512_bitalg

Memory: 4k page, system-wide physical 7883M (460M free)
TotalPageFile size 7883M (AvailPageFile size 217M)
current process WorkingSet (physical memory assigned to process): 50M, peak: 50M
current process commit charge ("private bytes"): 215M, peak: 215M

vm_info: Java HotSpot(TM) 64-Bit Server VM (19.0.2+7-44) for windows-amd64 JRE (19.0.2+7-44), built on 2022-11-30T18:02:09Z by "mach5one" with MS VC++ 17.1 (VS2022)

END.
